2025-03-23 00:40:03,406 - DashboardRunner - INFO - Starting IoT network monitoring dashboard
2025-03-23 00:40:04,330 - AttackDetector - INFO - Loaded model from models\attack_classifier_20250323_002700.joblib
2025-03-23 00:40:04,331 - AttackDetector - INFO - Loaded scaler from models\feature_scaler_20250323_002700.joblib
2025-03-23 00:40:04,332 - IoTSimulation - INFO - Setting up network with 3 devices
2025-03-23 00:40:04,332 - IoTSimulation - INFO - Setting up device: camera_01 (SmartCamera)
2025-03-23 00:40:04,332 - IoTSimulation - INFO - Setting up device: lock_01 (SmartLock)
2025-03-23 00:40:04,332 - IoTSimulation - INFO - Setting up device: thermostat_01 (SmartThermostat)
2025-03-23 00:40:04,342 - IoTSimulation - INFO - Network setup completed successfully
2025-03-23 00:40:04,343 - IoTSimulation - INFO - Starting simulation
2025-03-23 00:40:04,346 - Dashboard - INFO - Starting dashboard server on localhost:8050
2025-03-23 00:40:04,357 - AttackDetector - WARNING - Attack detected: normal (confidence: 0.986)
2025-03-23 00:40:04,358 - DashboardRunner - WARNING - Alert! normal detected with 0.986 confidence
2025-03-23 00:40:09,380 - AttackDetector - WARNING - Attack detected: normal (confidence: 0.852)
2025-03-23 00:40:09,380 - DashboardRunner - WARNING - Alert! normal detected with 0.852 confidence
2025-03-23 00:40:14,403 - AttackDetector - WARNING - Attack detected: normal (confidence: 0.973)
2025-03-23 00:40:14,403 - DashboardRunner - WARNING - Alert! normal detected with 0.973 confidence
2025-03-23 00:40:19,421 - AttackDetector - WARNING - Attack detected: normal (confidence: 0.967)
2025-03-23 00:40:19,421 - DashboardRunner - WARNING - Alert! normal detected with 0.967 confidence
2025-03-23 00:40:24,441 - AttackDetector - WARNING - Attack detected: normal (confidence: 0.997)
2025-03-23 00:40:24,441 - DashboardRunner - WARNING - Alert! normal detected with 0.997 confidence
2025-03-23 00:40:29,465 - AttackDetector - WARNING - Attack detected: normal (confidence: 0.867)
2025-03-23 00:40:29,465 - DashboardRunner - WARNING - Alert! normal detected with 0.867 confidence
2025-03-23 00:40:34,485 - AttackDetector - WARNING - Attack detected: normal (confidence: 0.994)
2025-03-23 00:40:34,486 - DashboardRunner - WARNING - Alert! normal detected with 0.994 confidence
2025-03-23 00:40:39,509 - AttackDetector - WARNING - Attack detected: normal (confidence: 0.997)
2025-03-23 00:40:39,509 - DashboardRunner - WARNING - Alert! normal detected with 0.997 confidence
2025-03-23 00:40:44,524 - AttackDetector - WARNING - Attack detected: normal (confidence: 0.997)
2025-03-23 00:40:44,525 - DashboardRunner - WARNING - Alert! normal detected with 0.997 confidence
2025-03-23 00:40:49,561 - AttackDetector - WARNING - Attack detected: normal (confidence: 0.997)
2025-03-23 00:40:49,561 - DashboardRunner - WARNING - Alert! normal detected with 0.997 confidence
2025-03-23 00:40:54,575 - AttackDetector - WARNING - Attack detected: normal (confidence: 1.000)
2025-03-23 00:40:54,576 - DashboardRunner - WARNING - Alert! normal detected with 1.000 confidence
2025-03-23 00:40:59,598 - AttackDetector - WARNING - Attack detected: normal (confidence: 0.986)
2025-03-23 00:40:59,598 - DashboardRunner - WARNING - Alert! normal detected with 0.986 confidence
2025-03-23 00:41:04,612 - AttackDetector - WARNING - Attack detected: normal (confidence: 1.000)
2025-03-23 00:41:04,612 - DashboardRunner - WARNING - Alert! normal detected with 1.000 confidence
2025-03-23 00:41:09,628 - AttackDetector - WARNING - Attack detected: normal (confidence: 1.000)
2025-03-23 00:41:09,628 - DashboardRunner - WARNING - Alert! normal detected with 1.000 confidence
2025-03-23 00:41:14,639 - AttackDetector - WARNING - Attack detected: normal (confidence: 1.000)
2025-03-23 00:41:14,639 - DashboardRunner - WARNING - Alert! normal detected with 1.000 confidence
2025-03-23 00:41:19,652 - AttackDetector - WARNING - Attack detected: normal (confidence: 1.000)
2025-03-23 00:41:19,652 - DashboardRunner - WARNING - Alert! normal detected with 1.000 confidence
2025-03-23 00:41:24,672 - AttackDetector - WARNING - Attack detected: normal (confidence: 1.000)
2025-03-23 00:41:24,674 - DashboardRunner - WARNING - Alert! normal detected with 1.000 confidence
2025-03-23 00:41:29,695 - AttackDetector - WARNING - Attack detected: normal (confidence: 1.000)
2025-03-23 00:41:29,695 - DashboardRunner - WARNING - Alert! normal detected with 1.000 confidence
2025-03-23 00:41:34,715 - AttackDetector - WARNING - Attack detected: normal (confidence: 1.000)
2025-03-23 00:41:34,715 - DashboardRunner - WARNING - Alert! normal detected with 1.000 confidence
2025-03-23 00:41:39,733 - AttackDetector - WARNING - Attack detected: normal (confidence: 1.000)
2025-03-23 00:41:39,733 - DashboardRunner - WARNING - Alert! normal detected with 1.000 confidence
2025-03-23 00:41:44,750 - AttackDetector - WARNING - Attack detected: normal (confidence: 0.996)
2025-03-23 00:41:44,750 - DashboardRunner - WARNING - Alert! normal detected with 0.996 confidence
2025-03-23 00:41:49,775 - AttackDetector - WARNING - Attack detected: normal (confidence: 1.000)
2025-03-23 00:41:49,775 - DashboardRunner - WARNING - Alert! normal detected with 1.000 confidence
2025-03-23 00:41:54,792 - AttackDetector - WARNING - Attack detected: normal (confidence: 1.000)
2025-03-23 00:41:54,793 - DashboardRunner - WARNING - Alert! normal detected with 1.000 confidence
2025-03-23 00:41:59,811 - AttackDetector - WARNING - Attack detected: normal (confidence: 1.000)
2025-03-23 00:41:59,811 - DashboardRunner - WARNING - Alert! normal detected with 1.000 confidence
2025-03-23 00:42:04,835 - AttackDetector - WARNING - Attack detected: normal (confidence: 1.000)
2025-03-23 00:42:04,836 - DashboardRunner - WARNING - Alert! normal detected with 1.000 confidence
2025-03-23 00:42:09,854 - AttackDetector - WARNING - Attack detected: normal (confidence: 1.000)
2025-03-23 00:42:09,854 - DashboardRunner - WARNING - Alert! normal detected with 1.000 confidence
2025-03-23 00:42:14,870 - AttackDetector - WARNING - Attack detected: normal (confidence: 1.000)
2025-03-23 00:42:14,870 - DashboardRunner - WARNING - Alert! normal detected with 1.000 confidence
2025-03-23 00:42:19,884 - AttackDetector - WARNING - Attack detected: normal (confidence: 1.000)
2025-03-23 00:42:19,884 - DashboardRunner - WARNING - Alert! normal detected with 1.000 confidence
2025-03-23 00:42:24,905 - AttackDetector - WARNING - Attack detected: normal (confidence: 1.000)
2025-03-23 00:42:24,905 - DashboardRunner - WARNING - Alert! normal detected with 1.000 confidence
2025-03-23 00:42:29,934 - AttackDetector - WARNING - Attack detected: normal (confidence: 0.990)
2025-03-23 00:42:29,935 - DashboardRunner - WARNING - Alert! normal detected with 0.990 confidence
2025-03-23 00:42:34,961 - AttackDetector - WARNING - Attack detected: normal (confidence: 1.000)
2025-03-23 00:42:34,963 - DashboardRunner - WARNING - Alert! normal detected with 1.000 confidence
2025-03-23 00:42:39,980 - AttackDetector - WARNING - Attack detected: normal (confidence: 1.000)
2025-03-23 00:42:39,981 - DashboardRunner - WARNING - Alert! normal detected with 1.000 confidence
2025-03-23 00:42:45,006 - AttackDetector - WARNING - Attack detected: normal (confidence: 0.983)
2025-03-23 00:42:45,007 - DashboardRunner - WARNING - Alert! normal detected with 0.983 confidence
2025-03-23 00:42:50,026 - AttackDetector - WARNING - Attack detected: normal (confidence: 1.000)
2025-03-23 00:42:50,028 - DashboardRunner - WARNING - Alert! normal detected with 1.000 confidence
