2025-03-23 00:27:21,192 - DashboardRunner - INFO - Starting IoT network monitoring dashboard
2025-03-23 00:27:22,193 - AttackDetector - INFO - Loaded model from models\attack_classifier_20250323_002700.joblib
2025-03-23 00:27:22,193 - AttackDetector - INFO - Loaded scaler from models\feature_scaler_20250323_002700.joblib
2025-03-23 00:27:22,194 - IoTSimulation - INFO - Setting up network with 3 devices
2025-03-23 00:27:22,194 - IoTSimulation - INFO - Setting up device: camera_01 (SmartCamera)
2025-03-23 00:27:22,194 - IoTSimulation - INFO - Setting up device: lock_01 (SmartLock)
2025-03-23 00:27:22,194 - IoTSimulation - INFO - Setting up device: thermostat_01 (SmartThermostat)
2025-03-23 00:27:22,196 - IoTSimulation - INFO - Network setup completed successfully
2025-03-23 00:27:22,196 - IoTSimulation - INFO - Starting simulation
2025-03-23 00:27:22,198 - Dashboard - INFO - Starting dashboard server on localhost:8050
2025-03-23 00:27:22,203 - dash.dash - INFO - Dash is running on http://localhost:8050/

2025-03-23 00:27:22,210 - AttackDetector - WARNING - Attack detected: normal (confidence: 1.000)
2025-03-23 00:27:22,211 - DashboardRunner - WARNING - Alert! normal detected with 1.000 confidence
2025-03-23 00:27:27,220 - AttackDetector - WARNING - Attack detected: normal (confidence: 0.997)
2025-03-23 00:27:27,220 - DashboardRunner - WARNING - Alert! normal detected with 0.997 confidence
2025-03-23 00:27:32,245 - AttackDetector - WARNING - Attack detected: normal (confidence: 0.997)
2025-03-23 00:27:32,245 - DashboardRunner - WARNING - Alert! normal detected with 0.997 confidence
2025-03-23 00:27:37,260 - AttackDetector - WARNING - Attack detected: normal (confidence: 0.997)
2025-03-23 00:27:37,261 - DashboardRunner - WARNING - Alert! normal detected with 0.997 confidence
2025-03-23 00:27:42,281 - AttackDetector - WARNING - Attack detected: normal (confidence: 0.997)
2025-03-23 00:27:42,281 - DashboardRunner - WARNING - Alert! normal detected with 0.997 confidence
2025-03-23 00:27:47,303 - AttackDetector - WARNING - Attack detected: normal (confidence: 1.000)
2025-03-23 00:27:47,304 - DashboardRunner - WARNING - Alert! normal detected with 1.000 confidence
2025-03-23 00:27:52,323 - AttackDetector - WARNING - Attack detected: normal (confidence: 0.989)
2025-03-23 00:27:52,324 - DashboardRunner - WARNING - Alert! normal detected with 0.989 confidence
2025-03-23 00:27:57,339 - AttackDetector - WARNING - Attack detected: normal (confidence: 1.000)
2025-03-23 00:27:57,340 - DashboardRunner - WARNING - Alert! normal detected with 1.000 confidence
2025-03-23 00:28:02,373 - AttackDetector - WARNING - Attack detected: normal (confidence: 1.000)
2025-03-23 00:28:02,373 - DashboardRunner - WARNING - Alert! normal detected with 1.000 confidence
2025-03-23 00:28:07,395 - AttackDetector - WARNING - Attack detected: normal (confidence: 1.000)
2025-03-23 00:28:07,395 - DashboardRunner - WARNING - Alert! normal detected with 1.000 confidence
2025-03-23 00:28:12,417 - AttackDetector - WARNING - Attack detected: normal (confidence: 1.000)
2025-03-23 00:28:12,417 - DashboardRunner - WARNING - Alert! normal detected with 1.000 confidence
2025-03-23 00:28:17,439 - AttackDetector - WARNING - Attack detected: normal (confidence: 1.000)
2025-03-23 00:28:17,439 - DashboardRunner - WARNING - Alert! normal detected with 1.000 confidence
2025-03-23 00:28:22,460 - AttackDetector - WARNING - Attack detected: normal (confidence: 0.983)
2025-03-23 00:28:22,460 - DashboardRunner - WARNING - Alert! normal detected with 0.983 confidence
2025-03-23 00:28:27,479 - AttackDetector - WARNING - Attack detected: normal (confidence: 0.993)
2025-03-23 00:28:27,479 - DashboardRunner - WARNING - Alert! normal detected with 0.993 confidence
2025-03-23 00:28:32,497 - AttackDetector - WARNING - Attack detected: normal (confidence: 1.000)
2025-03-23 00:28:32,497 - DashboardRunner - WARNING - Alert! normal detected with 1.000 confidence
2025-03-23 00:28:37,512 - AttackDetector - WARNING - Attack detected: normal (confidence: 0.996)
2025-03-23 00:28:37,512 - DashboardRunner - WARNING - Alert! normal detected with 0.996 confidence
2025-03-23 00:28:42,533 - AttackDetector - WARNING - Attack detected: normal (confidence: 1.000)
2025-03-23 00:28:42,533 - DashboardRunner - WARNING - Alert! normal detected with 1.000 confidence
2025-03-23 00:28:47,550 - AttackDetector - WARNING - Attack detected: normal (confidence: 1.000)
2025-03-23 00:28:47,551 - DashboardRunner - WARNING - Alert! normal detected with 1.000 confidence
2025-03-23 00:28:52,575 - AttackDetector - WARNING - Attack detected: normal (confidence: 1.000)
2025-03-23 00:28:52,575 - DashboardRunner - WARNING - Alert! normal detected with 1.000 confidence
2025-03-23 00:28:57,586 - AttackDetector - WARNING - Attack detected: normal (confidence: 1.000)
2025-03-23 00:28:57,587 - DashboardRunner - WARNING - Alert! normal detected with 1.000 confidence
2025-03-23 00:29:02,598 - AttackDetector - WARNING - Attack detected: normal (confidence: 1.000)
2025-03-23 00:29:02,598 - DashboardRunner - WARNING - Alert! normal detected with 1.000 confidence
2025-03-23 00:29:07,623 - AttackDetector - WARNING - Attack detected: normal (confidence: 1.000)
2025-03-23 00:29:07,624 - DashboardRunner - WARNING - Alert! normal detected with 1.000 confidence
2025-03-23 00:29:12,648 - AttackDetector - WARNING - Attack detected: normal (confidence: 1.000)
2025-03-23 00:29:12,649 - DashboardRunner - WARNING - Alert! normal detected with 1.000 confidence
2025-03-23 00:29:17,668 - AttackDetector - WARNING - Attack detected: normal (confidence: 1.000)
2025-03-23 00:29:17,669 - DashboardRunner - WARNING - Alert! normal detected with 1.000 confidence
2025-03-23 00:29:22,682 - AttackDetector - WARNING - Attack detected: normal (confidence: 0.978)
2025-03-23 00:29:22,683 - DashboardRunner - WARNING - Alert! normal detected with 0.978 confidence
2025-03-23 00:29:27,708 - AttackDetector - WARNING - Attack detected: normal (confidence: 1.000)
2025-03-23 00:29:27,709 - DashboardRunner - WARNING - Alert! normal detected with 1.000 confidence
2025-03-23 00:29:32,736 - AttackDetector - WARNING - Attack detected: normal (confidence: 1.000)
2025-03-23 00:29:32,736 - DashboardRunner - WARNING - Alert! normal detected with 1.000 confidence
2025-03-23 00:29:37,763 - AttackDetector - WARNING - Attack detected: normal (confidence: 1.000)
2025-03-23 00:29:37,763 - DashboardRunner - WARNING - Alert! normal detected with 1.000 confidence
2025-03-23 00:29:42,779 - AttackDetector - WARNING - Attack detected: normal (confidence: 0.990)
2025-03-23 00:29:42,780 - DashboardRunner - WARNING - Alert! normal detected with 0.990 confidence
2025-03-23 00:29:47,797 - AttackDetector - WARNING - Attack detected: normal (confidence: 1.000)
2025-03-23 00:29:47,797 - DashboardRunner - WARNING - Alert! normal detected with 1.000 confidence
2025-03-23 00:29:52,817 - AttackDetector - WARNING - Attack detected: normal (confidence: 0.978)
2025-03-23 00:29:52,817 - DashboardRunner - WARNING - Alert! normal detected with 0.978 confidence
2025-03-23 00:29:55,971 - DashboardRunner - INFO - Stopping simulation...
