2025-03-22 22:49:31,720 - DataProcessing - INFO - Starting data processing
2025-03-22 22:49:31,721 - DataProcessing - INFO - Loading events from backup file
2025-03-22 22:49:31,731 - DataProcessing - INFO - Loaded 300 events
2025-03-22 22:49:31,731 - DataProcessing - INFO - Extracting features and labels
2025-03-22 22:49:31,733 - DataProcessing - INFO - Extracted 300 training samples
2025-03-22 22:49:31,733 - DataProcessing - INFO - Data Distribution:
2025-03-22 22:49:31,733 - DataProcessing - INFO -   botnet: 72 samples (24.00%)
2025-03-22 22:49:31,733 - DataProcessing - INFO -   ddos: 48 samples (16.00%)
2025-03-22 22:49:31,733 - DataProcessing - INFO -   normal: 180 samples (60.00%)
2025-03-22 22:49:31,735 - DataProcessing - INFO - 
Feature Statistics:
2025-03-22 22:49:31,735 - DataProcessing - INFO - 
Summary Statistics:
2025-03-22 22:49:31,769 - DataProcessing - INFO -                0      1       2           3           4           5           6              7            8           9           10          11            12          13          14          15          16            17         18
count  300.000000  300.0  300.00  300.000000  300.000000  300.000000  300.000000     300.000000   300.000000  300.000000  300.000000  300.000000    300.000000  300.000000  300.000000  300.000000  300.000000    300.000000  300.00000
mean   175.253576   50.0    0.01    0.003351   57.801002   57.535389   62.653792   26146.560000   186.873333   58.066702   56.200827   56.933733  16408.170000  141.976667   50.958594   50.461254   51.909226  16544.873333   13.29000
std     57.052221    0.0    0.00    0.003504   25.366622   20.266150   31.776418   32444.349019   313.389887   25.861628   21.591055   29.107108   9618.281216  208.497931   22.583704   17.531529   28.955432   9780.532522    8.69432
min     37.540209   50.0    0.01    0.000440   10.253860   20.003822    0.525686    1552.000000     1.000000   10.380095   20.306591    0.566968   1410.000000    1.000000   10.456258   20.170376    1.884439   1632.000000    0.00000
25%    136.985667   50.0    0.01    0.000804   39.526185   41.906925   37.737086    8817.500000     8.000000   37.000006   38.168045   35.520603   8279.250000    6.000000   32.151142   34.790544   27.041687   8371.500000    6.00000
50%    179.804903   50.0    0.01    0.000947   60.102430   58.092145   67.081463   15857.000000    18.000000   57.725717   56.499714   59.654177  15250.000000   11.500000   50.405365   51.846959   53.070114  15165.500000   12.00000
75%    216.439042   50.0    0.01    0.006951   78.067848   72.138982   94.277913   24482.500000   240.000000   79.495480   72.749911   82.298870  24002.750000  249.250000   70.429627   65.340339   76.496377  23995.500000   20.00000
max    297.802565   50.0    0.01    0.010368  100.000000  100.000000  100.000000  151265.000000  1203.000000  100.000000  100.000000  100.000000  35380.000000  649.000000   89.785196   79.952329   99.938309  36736.000000   34.00000
2025-03-22 22:49:31,771 - DataProcessing - INFO - Saving processed data
2025-03-22 22:49:31,771 - DataProcessing - ERROR - Data processing failed: [WinError 3] The system cannot find the path specified: 'data\\processed'
2025-03-22 22:49:31,771 - DataProcessing - INFO - Data processing completed
