2025-03-22 23:00:59,079 - ModelTraining - INFO - Starting model training
2025-03-22 23:00:59,079 - ModelTraining - INFO - Loading training data
2025-03-22 23:00:59,095 - ModelTraining - INFO - Loaded 300 samples
2025-03-22 23:00:59,100 - ModelTraining - INFO - Scaling features
2025-03-22 23:00:59,102 - ModelTraining - INFO - Training model...
2025-03-22 23:00:59,720 - ModelTraining - INFO - Cross-validation scores: [0.97916667 1.         1.         1.         0.97916667]
2025-03-22 23:00:59,720 - ModelTraining - INFO - Average CV score: 0.992 (+/- 0.020)
2025-03-22 23:00:59,725 - ModelTraining - INFO - 
Classification Report:
2025-03-22 23:00:59,731 - ModelTraining - INFO - 
              precision    recall  f1-score   support

      botnet       1.00      1.00      1.00        14
        ddos       1.00      1.00      1.00        10
      normal       1.00      1.00      1.00        36

    accuracy                           1.00        60
   macro avg       1.00      1.00      1.00        60
weighted avg       1.00      1.00      1.00        60

2025-03-22 23:00:59,732 - ModelTraining - INFO - 
Confusion Matrix:
2025-03-22 23:00:59,734 - ModelTraining - INFO - 
[[14  0  0]
 [ 0 10  0]
 [ 0  0 36]]
2025-03-22 23:01:00,264 - ModelTraining - INFO - Saving model and artifacts
2025-03-22 23:01:00,303 - ModelTraining - INFO - Model saved to models\attack_classifier_20250322_230100.joblib
2025-03-22 23:01:00,305 - ModelTraining - INFO - Scaler saved to models\feature_scaler_20250322_230100.joblib
2025-03-22 23:01:00,305 - ModelTraining - INFO - Metrics saved to models\model_metrics_20250322_230100.json
2025-03-22 23:01:00,305 - ModelTraining - INFO - Model training completed
