2025-03-23 00:26:57,089 - ModelTraining - INFO - Starting model training
2025-03-23 00:26:57,090 - ModelTraining - INFO - Loading training data
2025-03-23 00:26:57,094 - ModelTraining - INFO - Loaded 300 samples
2025-03-23 00:26:57,096 - ModelTraining - INFO - Scaling features
2025-03-23 00:26:57,099 - ModelTraining - INFO - Class weights:
2025-03-23 00:26:57,100 - ModelTraining - INFO -   botnet: 1.379
2025-03-23 00:26:57,100 - ModelTraining - INFO -   ddos: 2.105
2025-03-23 00:26:57,100 - ModelTraining - INFO -   normal: 0.556
2025-03-23 00:26:57,163 - ModelTraining - INFO - Training model...
2025-03-23 00:26:58,936 - ModelTraining - INFO - Cross-validation scores: [0.97916667 1.         1.         1.         0.97916667]
2025-03-23 00:26:58,938 - ModelTraining - INFO - Average CV score: 0.992 (+/- 0.020)
2025-03-23 00:26:58,962 - ModelTraining - INFO - 
Classification Report:
2025-03-23 00:26:58,968 - ModelTraining - INFO - 
              precision    recall  f1-score   support

      botnet       1.00      1.00      1.00        14
        ddos       1.00      1.00      1.00        10
      normal       1.00      1.00      1.00        36

    accuracy                           1.00        60
   macro avg       1.00      1.00      1.00        60
weighted avg       1.00      1.00      1.00        60

2025-03-23 00:26:58,969 - ModelTraining - INFO - 
Confusion Matrix:
2025-03-23 00:26:58,970 - ModelTraining - INFO - 
[[14  0  0]
 [ 0 10  0]
 [ 0  0 36]]
2025-03-23 00:26:58,981 - ModelTraining - INFO - 
Top 10 Most Important Features:
2025-03-23 00:26:59,020 - ModelTraining - INFO - Feature 17: RF Importance=0.2079, MI Score=0.9331
2025-03-23 00:26:59,033 - ModelTraining - INFO - Feature 12: RF Importance=0.1807, MI Score=0.9281
2025-03-23 00:26:59,046 - ModelTraining - INFO - Feature 7: RF Importance=0.1662, MI Score=0.9089
2025-03-23 00:26:59,056 - ModelTraining - INFO - Feature 13: RF Importance=0.1570, MI Score=0.9049
2025-03-23 00:26:59,067 - ModelTraining - INFO - Feature 8: RF Importance=0.1212, MI Score=0.8951
2025-03-23 00:26:59,079 - ModelTraining - INFO - Feature 3: RF Importance=0.0929, MI Score=0.8002
2025-03-23 00:26:59,091 - ModelTraining - INFO - Feature 18: RF Importance=0.0323, MI Score=0.6405
2025-03-23 00:26:59,100 - ModelTraining - INFO - Feature 0: RF Importance=0.0124, MI Score=0.2555
2025-03-23 00:26:59,110 - ModelTraining - INFO - Feature 6: RF Importance=0.0083, MI Score=0.1985
2025-03-23 00:26:59,121 - ModelTraining - INFO - Feature 9: RF Importance=0.0059, MI Score=0.1727
2025-03-23 00:27:00,256 - ModelTraining - INFO - Saving model and artifacts
2025-03-23 00:27:00,333 - ModelTraining - INFO - Model saved to models\attack_classifier_20250323_002700.joblib
2025-03-23 00:27:00,334 - ModelTraining - INFO - Scaler saved to models\feature_scaler_20250323_002700.joblib
2025-03-23 00:27:00,334 - ModelTraining - INFO - Metadata saved to models\model_metadata_20250323_002700.json
2025-03-23 00:27:00,335 - ModelTraining - INFO - Model training completed
